FATAL   2020-06-18 10:52:19,938 [http-nio-8084-exec-20] dreamTravel.filters.DispatcherFilter  - Asyifvhb k
FATAL   2020-06-19 16:23:40,834 [http-nio-8084-exec-90] dreamTravel.filters.DispatcherFilter  - Cannot forward after response has been committed
FATAL   2020-06-19 16:23:40,866 [http-nio-8084-exec-84] dreamTravel.filters.DispatcherFilter  - Cannot forward after response has been committed
FATAL   2020-06-19 16:23:50,720 [http-nio-8084-exec-81] dreamTravel.filters.DispatcherFilter  - Cannot forward after response has been committed
FATAL   2020-06-19 16:24:42,796 [http-nio-8084-exec-90] dreamTravel.filters.DispatcherFilter  - Cannot forward after response has been committed
FATAL   2020-06-19 16:24:42,796 [http-nio-8084-exec-95] dreamTravel.filters.DispatcherFilter  - Cannot forward after response has been committed
FATAL   2020-06-19 16:25:00,002 [http-nio-8084-exec-88] dreamTravel.filters.DispatcherFilter  - Cannot forward after response has been committed
FATAL   2020-06-19 16:29:16,261 [http-nio-8084-exec-96] dreamTravel.filters.DispatcherFilter  - Cannot forward after response has been committed
FATAL   2020-06-19 16:29:16,296 [http-nio-8084-exec-91] dreamTravel.filters.DispatcherFilter  - Cannot forward after response has been committed
FATAL   2020-06-19 16:29:30,984 [http-nio-8084-exec-102] dreamTravel.filters.DispatcherFilter  - Cannot forward after response has been committed
FATAL   2020-06-19 16:32:25,209 [http-nio-8084-exec-107] dreamTravel.filters.DispatcherFilter  - Cannot forward after response has been committed
FATAL   2020-06-19 16:32:25,242 [http-nio-8084-exec-102] dreamTravel.filters.DispatcherFilter  - Cannot forward after response has been committed
FATAL   2020-06-19 16:33:15,047 [http-nio-8084-exec-107] dreamTravel.filters.DispatcherFilter  - Cannot forward after response has been committed
FATAL   2020-06-19 16:34:28,719 [http-nio-8084-exec-107] dreamTravel.filters.DispatcherFilter  - Cannot forward after response has been committed
FATAL   2020-06-19 16:34:28,752 [http-nio-8084-exec-104] dreamTravel.filters.DispatcherFilter  - Cannot forward after response has been committed
FATAL   2020-06-19 16:35:36,638 [http-nio-8084-exec-111] dreamTravel.filters.DispatcherFilter  - Cannot forward after response has been committed
FATAL   2020-06-19 16:35:36,677 [http-nio-8084-exec-114] dreamTravel.filters.DispatcherFilter  - Cannot forward after response has been committed
FATAL   2020-06-19 16:35:36,790 [http-nio-8084-exec-115] dreamTravel.filters.DispatcherFilter  - Cannot forward after response has been committed
FATAL   2020-06-19 16:36:10,044 [http-nio-8084-exec-115] dreamTravel.filters.DispatcherFilter  - Cannot forward after response has been committed
FATAL   2020-06-19 16:36:25,679 [http-nio-8084-exec-112] dreamTravel.filters.DispatcherFilter  - Cannot forward after response has been committed
FATAL   2020-06-19 16:36:26,497 [http-nio-8084-exec-115] dreamTravel.filters.DispatcherFilter  - Cannot forward after response has been committed
FATAL   2020-06-19 16:51:40,030 [http-nio-8084-exec-115] dreamTravel.filters.DispatcherFilter  - Cannot forward after response has been committed
FATAL   2020-06-19 16:51:48,733 [http-nio-8084-exec-111] dreamTravel.filters.DispatcherFilter  - Cannot forward after response has been committed
FATAL   2020-06-20 10:01:52,907 [http-nio-8084-exec-1] dreamTravel.filters.DispatcherFilter  - Cannot forward after response has been committed
FATAL   2020-06-20 10:02:26,593 [http-nio-8084-exec-9] dreamTravel.filters.DispatcherFilter  - Cannot forward after response has been committed
FATAL   2020-06-20 10:21:20,039 [http-nio-8084-exec-35] dreamTravel.controllers.SearchTouServlet  - java.util.Date cannot be cast to java.sql.Date
FATAL   2020-06-20 10:21:23,169 [http-nio-8084-exec-27] dreamTravel.controllers.SearchTouServlet  - java.util.Date cannot be cast to java.sql.Date
FATAL   2020-06-20 10:21:27,414 [http-nio-8084-exec-34] dreamTravel.controllers.SearchTouServlet  - java.util.Date cannot be cast to java.sql.Date
FATAL   2020-06-20 10:21:30,138 [http-nio-8084-exec-29] dreamTravel.controllers.SearchTouServlet  - java.util.Date cannot be cast to java.sql.Date
FATAL   2020-06-20 10:22:17,350 [http-nio-8084-exec-41] dreamTravel.controllers.SearchTouServlet  - java.util.Date cannot be cast to java.sql.Date
FATAL   2020-06-20 10:22:19,708 [http-nio-8084-exec-12] dreamTravel.controllers.SearchTouServlet  - java.util.Date cannot be cast to java.sql.Date
FATAL   2020-06-20 10:22:21,681 [http-nio-8084-exec-36] dreamTravel.controllers.SearchTouServlet  - java.util.Date cannot be cast to java.sql.Date
FATAL   2020-06-20 10:22:28,919 [http-nio-8084-exec-38] dreamTravel.controllers.SearchTouServlet  - java.util.Date cannot be cast to java.sql.Date
FATAL   2020-06-20 10:22:39,325 [http-nio-8084-exec-39] dreamTravel.controllers.SearchTouServlet  - java.util.Date cannot be cast to java.sql.Date
FATAL   2020-06-20 10:22:39,743 [http-nio-8084-exec-42] dreamTravel.controllers.SearchTouServlet  - java.util.Date cannot be cast to java.sql.Date
FATAL   2020-06-20 10:22:40,046 [http-nio-8084-exec-40] dreamTravel.controllers.SearchTouServlet  - java.util.Date cannot be cast to java.sql.Date
FATAL   2020-06-20 10:22:40,260 [http-nio-8084-exec-41] dreamTravel.controllers.SearchTouServlet  - java.util.Date cannot be cast to java.sql.Date
FATAL   2020-06-20 10:22:40,577 [http-nio-8084-exec-43] dreamTravel.controllers.SearchTouServlet  - java.util.Date cannot be cast to java.sql.Date
FATAL   2020-06-20 10:22:40,778 [http-nio-8084-exec-36] dreamTravel.controllers.SearchTouServlet  - java.util.Date cannot be cast to java.sql.Date
FATAL   2020-06-20 10:22:40,972 [http-nio-8084-exec-44] dreamTravel.controllers.SearchTouServlet  - java.util.Date cannot be cast to java.sql.Date
FATAL   2020-06-20 10:22:41,186 [http-nio-8084-exec-37] dreamTravel.controllers.SearchTouServlet  - java.util.Date cannot be cast to java.sql.Date
FATAL   2020-06-20 10:22:45,264 [http-nio-8084-exec-43] dreamTravel.controllers.SearchTouServlet  - Unparseable date: ""
FATAL   2020-06-20 10:22:47,891 [http-nio-8084-exec-36] dreamTravel.controllers.SearchTouServlet  - java.util.Date cannot be cast to java.sql.Date
FATAL   2020-06-20 10:36:21,912 [http-nio-8084-exec-39] dreamTravel.controllers.SearchTouServlet  - java.util.Date cannot be cast to java.sql.Date
FATAL   2020-06-20 11:09:24,540 [http-nio-8084-exec-141] dreamTravel.controllers.SearchTouServlet  - For input string: "a"
FATAL   2020-06-20 11:37:07,148 [http-nio-8084-exec-145] dreamTravel.controllers.SearchTouServlet  - Name [SE1404] is not bound in this Context. Unable to find [SE1404].
FATAL   2020-06-20 11:37:40,583 [http-nio-8084-exec-142] dreamTravel.controllers.SearchTouServlet  - Name [SE1404] is not bound in this Context. Unable to find [SE1404].
FATAL   2020-06-20 11:38:52,147 [http-nio-8084-exec-164] dreamTravel.controllers.SearchTouServlet  - Invalid column name 'SubjectId'.
FATAL   2020-06-20 11:38:55,960 [http-nio-8084-exec-165] dreamTravel.controllers.SearchTouServlet  - Invalid column name 'SubjectId'.
FATAL   2020-06-20 11:41:45,185 [http-nio-8084-exec-183] dreamTravel.controllers.SearchTouServlet  - For input string: "aa"
FATAL   2020-06-20 11:41:53,511 [http-nio-8084-exec-181] dreamTravel.controllers.SearchTouServlet  - The value is not set for the parameter number 4.
FATAL   2020-06-20 11:52:18,763 [http-nio-8084-exec-194] dreamTravel.filters.DispatcherFilter  - Cannot forward after response has been committed
FATAL   2020-06-20 11:52:18,848 [http-nio-8084-exec-195] dreamTravel.filters.DispatcherFilter  - Cannot forward after response has been committed
FATAL   2020-06-20 11:52:20,621 [http-nio-8084-exec-196] dreamTravel.filters.DispatcherFilter  - Cannot forward after response has been committed
FATAL   2020-06-20 12:00:22,082 [http-nio-8084-exec-202] dreamTravel.filters.DispatcherFilter  - Cannot forward after response has been committed
FATAL   2020-06-20 12:00:22,156 [http-nio-8084-exec-196] dreamTravel.filters.DispatcherFilter  - Cannot forward after response has been committed
FATAL   2020-06-20 12:00:34,490 [http-nio-8084-exec-199] dreamTravel.filters.DispatcherFilter  - Cannot forward after response has been committed
FATAL   2020-06-20 12:02:23,561 [http-nio-8084-exec-200] dreamTravel.controllers.SearchTouServlet  - 
FATAL   2020-06-20 12:02:25,986 [http-nio-8084-exec-196] dreamTravel.controllers.SearchTouServlet  - 
FATAL   2020-06-20 12:02:26,642 [http-nio-8084-exec-201] dreamTravel.controllers.SearchTouServlet  - 
FATAL   2020-06-20 12:02:29,862 [http-nio-8084-exec-203] dreamTravel.filters.DispatcherFilter  - Cannot forward after response has been committed
FATAL   2020-06-20 12:02:47,370 [http-nio-8084-exec-209] dreamTravel.controllers.SearchTouServlet  - 
FATAL   2020-06-20 12:02:47,474 [http-nio-8084-exec-201] dreamTravel.filters.DispatcherFilter  - Cannot forward after response has been committed
FATAL   2020-06-20 12:02:47,544 [http-nio-8084-exec-202] dreamTravel.filters.DispatcherFilter  - Cannot forward after response has been committed
FATAL   2020-06-20 12:02:56,762 [http-nio-8084-exec-206] dreamTravel.controllers.SearchTouServlet  - 
FATAL   2020-06-20 12:02:56,881 [http-nio-8084-exec-203] dreamTravel.filters.DispatcherFilter  - Cannot forward after response has been committed
FATAL   2020-06-20 12:02:56,970 [http-nio-8084-exec-208] dreamTravel.filters.DispatcherFilter  - Cannot forward after response has been committed
FATAL   2020-06-20 12:03:07,917 [http-nio-8084-exec-202] dreamTravel.controllers.SearchTouServlet  - 
FATAL   2020-06-20 12:07:30,356 [http-nio-8084-exec-210] dreamTravel.controllers.SearchTouServlet  - 
FATAL   2020-06-20 12:07:30,508 [http-nio-8084-exec-210] dreamTravel.filters.DispatcherFilter  - Cannot forward after response has been committed
FATAL   2020-06-20 12:07:30,613 [http-nio-8084-exec-208] dreamTravel.filters.DispatcherFilter  - Cannot forward after response has been committed
FATAL   2020-06-20 12:08:01,412 [http-nio-8084-exec-207] dreamTravel.filters.DispatcherFilter  - Cannot forward after response has been committed
FATAL   2020-06-20 12:09:08,507 [http-nio-8084-exec-217] dreamTravel.controllers.SearchTouServlet  - 
FATAL   2020-06-20 12:09:52,382 [http-nio-8084-exec-215] dreamTravel.controllers.SearchTouServlet  - 
FATAL   2020-06-20 12:09:52,528 [http-nio-8084-exec-220] dreamTravel.filters.DispatcherFilter  - Cannot forward after response has been committed
FATAL   2020-06-20 12:09:53,300 [http-nio-8084-exec-218] dreamTravel.controllers.SearchTouServlet  - 
FATAL   2020-06-20 12:09:53,428 [http-nio-8084-exec-222] dreamTravel.filters.DispatcherFilter  - Cannot forward after response has been committed
FATAL   2020-06-20 12:09:54,064 [http-nio-8084-exec-217] dreamTravel.controllers.SearchTouServlet  - 
FATAL   2020-06-20 12:09:54,504 [http-nio-8084-exec-223] dreamTravel.controllers.SearchTouServlet  - 
FATAL   2020-06-20 12:09:54,922 [http-nio-8084-exec-220] dreamTravel.controllers.SearchTouServlet  - 
FATAL   2020-06-20 12:09:55,147 [http-nio-8084-exec-216] dreamTravel.controllers.SearchTouServlet  - 
FATAL   2020-06-20 12:11:04,556 [http-nio-8084-exec-224] dreamTravel.controllers.SearchTouServlet  - 
FATAL   2020-06-20 12:11:04,745 [http-nio-8084-exec-229] dreamTravel.filters.DispatcherFilter  - Cannot forward after response has been committed
FATAL   2020-06-20 12:14:50,319 [http-nio-8084-exec-230] dreamTravel.controllers.SearchTouServlet  - 
FATAL   2020-06-20 12:14:54,530 [http-nio-8084-exec-231] dreamTravel.filters.DispatcherFilter  - Cannot forward after response has been committed
FATAL   2020-06-20 12:15:06,729 [http-nio-8084-exec-243] dreamTravel.controllers.SearchTouServlet  - 
FATAL   2020-06-20 12:15:36,795 [http-nio-8084-exec-230] dreamTravel.controllers.SearchTouServlet  - 
FATAL   2020-06-20 12:16:45,240 [http-nio-8084-exec-251] dreamTravel.controllers.SearchTouServlet  - 
FATAL   2020-06-20 12:19:23,848 [http-nio-8084-exec-248] dreamTravel.filters.DispatcherFilter  - Cannot forward after response has been committed
FATAL   2020-06-20 12:23:01,455 [http-nio-8084-exec-267] dreamTravel.filters.DispatcherFilter  - Cannot forward after response has been committed
FATAL   2020-06-20 12:23:32,490 [http-nio-8084-exec-267] dreamTravel.filters.DispatcherFilter  - Cannot forward after response has been committed
FATAL   2020-06-20 12:24:04,494 [http-nio-8084-exec-264] dreamTravel.filters.DispatcherFilter  - Cannot forward after response has been committed   
FATAL   2020-06-20 12:25:22,275 [http-nio-8084-exec-269] dreamTravel.filters.DispatcherFilter  - Cannot forward after response has been committed
FATAL   2020-06-20 14:45:08,207 [http-nio-8084-exec-268] dreamTravel.filters.DispatcherFilter  - Cannot forward after response has been committed
FATAL   2020-06-20 14:46:38,638 [http-nio-8084-exec-266] dreamTravel.filters.DispatcherFilter  - Cannot forward after response has been committed
FATAL   2020-06-20 14:46:40,997 [http-nio-8084-exec-259] dreamTravel.filters.DispatcherFilter  - Cannot forward after response has been committed
FATAL   2020-06-20 14:56:24,420 [http-nio-8084-exec-265] dreamTravel.filters.DispatcherFilter  - Cannot forward after response has been committed
FATAL   2020-06-20 14:57:36,528 [http-nio-8084-exec-275] dreamTravel.filters.DispatcherFilter  - Cannot forward after response has been committed
FATAL   2020-06-20 14:58:44,909 [http-nio-8084-exec-271] dreamTravel.filters.DispatcherFilter  - Cannot forward after response has been committed
FATAL   2020-06-20 16:33:11,887 [http-nio-8084-exec-365] dreamTravel.filters.DispatcherFilter  - 
FATAL   2020-06-20 16:33:17,831 [http-nio-8084-exec-363] dreamTravel.filters.DispatcherFilter  - 
FATAL   2020-06-20 16:34:09,772 [http-nio-8084-exec-363] dreamTravel.filters.DispatcherFilter  - 
FATAL   2020-06-20 21:36:39,802 [http-nio-8084-exec-32] dreamTravel.controllers.SearchTouServlet  - For input string: "a"
FATAL   2020-06-21 11:38:30,563 [http-nio-8084-exec-134] dreamTravel.controllers.CheckOutServlet  - 
FATAL   2020-06-21 11:39:36,809 [http-nio-8084-exec-137] dreamTravel.controllers.CheckOutServlet  - 
FATAL   2020-06-21 20:34:51,492 [http-nio-8084-exec-365] dreamTravel.controllers.SearchTouServlet  - C:\Users\buiph\AppData\Roaming\NetBeans\8.2\apache-tomcat-8.0.27.0_base\temp\upload_1db9d8ff_536e_4ff4_af1e_264102ae4c78_00000069.tmp (The system cannot find the file specified)
FATAL   2020-06-21 21:04:24,729 [http-nio-8084-exec-366] dreamTravel.controllers.SearchTouServlet  - D:\HocHanh\CN5\LAB231\LAB2\DreamTravelLAB2\build\web\images (Access is denied)
FATAL   2020-06-21 21:04:32,181 [http-nio-8084-exec-374] dreamTravel.controllers.SearchTouServlet  - D:\HocHanh\CN5\LAB231\LAB2\DreamTravelLAB2\build\web\images (Access is denied)
FATAL   2020-06-21 21:09:20,799 [http-nio-8084-exec-381] dreamTravel.controllers.SearchTouServlet  - D:\HocHanh\CN5\LAB231\LAB2\DreamTravelLAB2\build\web\images (Access is denied)
FATAL   2020-06-21 21:09:38,753 [http-nio-8084-exec-386] dreamTravel.controllers.SearchTouServlet  - D:\HocHanh\CN5\LAB231\LAB2\DreamTravelLAB2\build\web\images (Access is denied)
FATAL   2020-06-21 21:12:47,150 [http-nio-8084-exec-399] dreamTravel.controllers.SearchTouServlet  - D:\HocHanh\CN5\LAB231\LAB2\DreamTravelLAB2\build\web\images (Access is denied)
FATAL   2020-06-21 21:12:47,353 [http-nio-8084-exec-399] dreamTravel.filters.DispatcherFilter  - An exception occurred processing JSP page /createTour.jsp at line 85

82:                             </div>
83:                             <div class="form-group col-6">
84:                                 <label class="">Quota</label>
85:                                 <input class="form-control" placeholder="Quota" type="text" name="txtQuota" value="${errorTour.quota}">
86:                                 <c:set var="errorInputQuota" value="${requestScope.errorInputQuota}"/>
87:                                 <c:if test="${not empty errorInputQuota}">
88:                                     <div class="text-danger">${errorInputQuota}</div>


Stacktrace:
FATAL   2020-06-21 21:13:11,156 [http-nio-8084-exec-393] dreamTravel.controllers.SearchTouServlet  - D:\HocHanh\CN5\LAB231\LAB2\DreamTravelLAB2\build\web\images (Access is denied)
FATAL   2020-06-21 21:13:11,206 [http-nio-8084-exec-393] dreamTravel.filters.DispatcherFilter  - An exception occurred processing JSP page /createTour.jsp at line 85

82:                             </div>
83:                             <div class="form-group col-6">
84:                                 <label class="">Quota</label>
85:                                 <input class="form-control" placeholder="Quota" type="text" name="txtQuota" value="${errorTour.quota}">
86:                                 <c:set var="errorInputQuota" value="${requestScope.errorInputQuota}"/>
87:                                 <c:if test="${not empty errorInputQuota}">
88:                                     <div class="text-danger">${errorInputQuota}</div>


Stacktrace:
FATAL   2020-06-21 21:13:47,028 [http-nio-8084-exec-392] dreamTravel.controllers.SearchTouServlet  - D:\HocHanh\CN5\LAB231\LAB2\DreamTravelLAB2\build\web\images (Access is denied)
FATAL   2020-06-21 21:13:47,068 [http-nio-8084-exec-392] dreamTravel.filters.DispatcherFilter  - An exception occurred processing JSP page /createTour.jsp at line 85

82:                             </div>
83:                             <div class="form-group col-6">
84:                                 <label class="">Quota</label>
85:                                 <input class="form-control" placeholder="Quota" type="text" name="txtQuota" value="${errorTour.quota}">
86:                                 <c:set var="errorInputQuota" value="${requestScope.errorInputQuota}"/>
87:                                 <c:if test="${not empty errorInputQuota}">
88:                                     <div class="text-danger">${errorInputQuota}</div>


Stacktrace:
FATAL   2020-06-21 21:14:46,804 [http-nio-8084-exec-407] dreamTravel.controllers.SearchTouServlet  - D:\HocHanh\CN5\LAB231\LAB2\DreamTravelLAB2\build\web\images (Access is denied)
FATAL   2020-06-21 21:14:47,015 [http-nio-8084-exec-407] dreamTravel.filters.DispatcherFilter  - An exception occurred processing JSP page /createTour.jsp at line 85

82:                             </div>
83:                             <div class="form-group col-6">
84:                                 <label class="">Quota</label>
85:                                 <input class="form-control" placeholder="Quota" type="text" name="txtQuota" value="${errorTour.quota}">
86:                                 <c:set var="errorInputQuota" value="${requestScope.errorInputQuota}"/>
87:                                 <c:if test="${not empty errorInputQuota}">
88:                                     <div class="text-danger">${errorInputQuota}</div>


Stacktrace:
FATAL   2020-06-21 21:16:05,815 [http-nio-8084-exec-407] dreamTravel.controllers.SearchTouServlet  - D:\HocHanh\CN5\LAB231\LAB2\DreamTravelLAB2\build\web\images (Access is denied)
FATAL   2020-06-21 21:16:05,867 [http-nio-8084-exec-407] dreamTravel.filters.DispatcherFilter  - An exception occurred processing JSP page /createTour.jsp at line 85

82:                             </div>
83:                             <div class="form-group col-6">
84:                                 <label class="">Quota</label>
85:                                 <input class="form-control" placeholder="Quota" type="text" name="txtQuota" value="${errorTour.quota}">
86:                                 <c:if test="${not empty errorTour.quotaError}">
87:                                     <p class="text-danger">${errorTour.quotaError}</p>
88:                                 </c:if>


Stacktrace:
FATAL   2020-06-21 21:16:25,005 [http-nio-8084-exec-401] dreamTravel.filters.DispatcherFilter  - An exception occurred processing JSP page /createTour.jsp at line 85

82:                             </div>
83:                             <div class="form-group col-6">
84:                                 <label class="">Quota</label>
85:                                 <input class="form-control" placeholder="Quota" type="text" name="txtQuota" value="${errorTour.quota}">
86:                                 <c:if test="${not empty errorTour.quotaError}">
87:                                     <p class="text-danger">${errorTour.quotaError}</p>
88:                                 </c:if>


Stacktrace:
FATAL   2020-06-21 21:16:41,168 [http-nio-8084-exec-403] dreamTravel.filters.DispatcherFilter  - An exception occurred processing JSP page /createTour.jsp at line 85

82:                             </div>
83:                             <div class="form-group col-6">
84:                                 <label class="">Quota</label>
85:                                 <input class="form-control" placeholder="Quota" type="text" name="txtQuota" value="${errorTour.quota}">
86:                                 <c:if test="${not empty errorTour.quotaError}">
87:                                     <p class="text-danger">${errorTour.quotaError}</p>
88:                                 </c:if>